mode: set
github.com/AsthaTech/govortex/v2/client.go:77.91,80.2 2 1
github.com/AsthaTech/govortex/v2/client.go:83.69,90.2 4 1
github.com/AsthaTech/govortex/v2/client.go:93.43,95.2 1 1
github.com/AsthaTech/govortex/v2/client.go:98.51,100.2 1 1
github.com/AsthaTech/govortex/v2/client.go:101.56,103.2 1 0
github.com/AsthaTech/govortex/v2/client.go:106.42,108.2 1 0
github.com/AsthaTech/govortex/v2/client.go:111.166,112.20 1 1
github.com/AsthaTech/govortex/v2/client.go:112.20,114.3 1 1
github.com/AsthaTech/govortex/v2/client.go:115.2,117.25 2 1
github.com/AsthaTech/govortex/v2/client.go:117.25,119.3 1 1
github.com/AsthaTech/govortex/v2/client.go:120.2,120.77 1 1
github.com/AsthaTech/govortex/v2/errors.go:27.31,29.2 1 1
github.com/AsthaTech/govortex/v2/errors.go:33.69,38.15 2 1
github.com/AsthaTech/govortex/v2/errors.go:39.20,40.40 1 1
github.com/AsthaTech/govortex/v2/errors.go:41.18,42.30 1 1
github.com/AsthaTech/govortex/v2/errors.go:43.23,44.30 1 1
github.com/AsthaTech/govortex/v2/errors.go:45.17,46.30 1 1
github.com/AsthaTech/govortex/v2/errors.go:47.18,48.30 1 1
github.com/AsthaTech/govortex/v2/errors.go:49.18,50.31 1 1
github.com/AsthaTech/govortex/v2/errors.go:51.18,52.31 1 1
github.com/AsthaTech/govortex/v2/errors.go:53.17,54.35 1 1
github.com/AsthaTech/govortex/v2/errors.go:55.20,56.39 1 1
github.com/AsthaTech/govortex/v2/errors.go:57.10,59.23 2 1
github.com/AsthaTech/govortex/v2/errors.go:62.2,62.45 1 1
github.com/AsthaTech/govortex/v2/errors.go:65.72,72.2 1 1
github.com/AsthaTech/govortex/v2/errors.go:75.36,78.14 2 1
github.com/AsthaTech/govortex/v2/errors.go:79.38,80.21 1 1
github.com/AsthaTech/govortex/v2/errors.go:81.53,82.19 1 1
github.com/AsthaTech/govortex/v2/errors.go:83.29,84.19 1 1
github.com/AsthaTech/govortex/v2/errors.go:85.64,86.21 1 1
github.com/AsthaTech/govortex/v2/errors.go:87.10,88.21 1 1
github.com/AsthaTech/govortex/v2/errors.go:91.2,91.12 1 1
github.com/AsthaTech/govortex/v2/gtt_orders.go:11.105,14.16 3 1
github.com/AsthaTech/govortex/v2/gtt_orders.go:14.16,16.3 1 1
github.com/AsthaTech/govortex/v2/gtt_orders.go:17.2,17.19 1 1
github.com/AsthaTech/govortex/v2/gtt_orders.go:23.128,26.16 3 1
github.com/AsthaTech/govortex/v2/gtt_orders.go:26.16,28.3 1 1
github.com/AsthaTech/govortex/v2/gtt_orders.go:29.2,29.19 1 1
github.com/AsthaTech/govortex/v2/gtt_orders.go:35.102,38.16 3 1
github.com/AsthaTech/govortex/v2/gtt_orders.go:38.16,40.3 1 1
github.com/AsthaTech/govortex/v2/gtt_orders.go:41.2,41.19 1 1
github.com/AsthaTech/govortex/v2/gtt_orders.go:47.83,50.16 3 1
github.com/AsthaTech/govortex/v2/gtt_orders.go:50.16,52.3 1 1
github.com/AsthaTech/govortex/v2/gtt_orders.go:53.2,53.19 1 1
github.com/AsthaTech/govortex/v2/http_client.go:40.77,41.17 1 1
github.com/AsthaTech/govortex/v2/http_client.go:41.17,43.3 1 1
github.com/AsthaTech/govortex/v2/http_client.go:45.2,45.14 1 1
github.com/AsthaTech/govortex/v2/http_client.go:45.14,53.3 1 1
github.com/AsthaTech/govortex/v2/http_client.go:54.2,58.3 1 1
github.com/AsthaTech/govortex/v2/http_client.go:63.150,64.19 1 1
github.com/AsthaTech/govortex/v2/http_client.go:64.19,66.3 1 1
github.com/AsthaTech/govortex/v2/http_client.go:68.2,68.61 1 1
github.com/AsthaTech/govortex/v2/http_client.go:74.153,82.79 2 1
github.com/AsthaTech/govortex/v2/http_client.go:82.79,85.3 2 1
github.com/AsthaTech/govortex/v2/http_client.go:87.2,88.16 2 1
github.com/AsthaTech/govortex/v2/http_client.go:88.16,89.14 1 0
github.com/AsthaTech/govortex/v2/http_client.go:89.14,91.4 1 0
github.com/AsthaTech/govortex/v2/http_client.go:93.3,93.74 1 0
github.com/AsthaTech/govortex/v2/http_client.go:96.2,96.20 1 1
github.com/AsthaTech/govortex/v2/http_client.go:96.20,98.3 1 1
github.com/AsthaTech/govortex/v2/http_client.go:101.2,101.42 1 1
github.com/AsthaTech/govortex/v2/http_client.go:101.42,102.60 1 1
github.com/AsthaTech/govortex/v2/http_client.go:102.60,104.4 1 1
github.com/AsthaTech/govortex/v2/http_client.go:108.2,108.61 1 1
github.com/AsthaTech/govortex/v2/http_client.go:108.61,110.3 1 1
github.com/AsthaTech/govortex/v2/http_client.go:112.2,113.16 2 1
github.com/AsthaTech/govortex/v2/http_client.go:113.16,114.14 1 1
github.com/AsthaTech/govortex/v2/http_client.go:114.14,116.4 1 1
github.com/AsthaTech/govortex/v2/http_client.go:118.3,118.62 1 1
github.com/AsthaTech/govortex/v2/http_client.go:121.2,124.16 3 1
github.com/AsthaTech/govortex/v2/http_client.go:124.16,125.14 1 0
github.com/AsthaTech/govortex/v2/http_client.go:125.14,127.4 1 0
github.com/AsthaTech/govortex/v2/http_client.go:129.3,129.67 1 0
github.com/AsthaTech/govortex/v2/http_client.go:132.2,134.13 3 1
github.com/AsthaTech/govortex/v2/http_client.go:134.13,136.3 1 1
github.com/AsthaTech/govortex/v2/http_client.go:138.2,138.18 1 1
github.com/AsthaTech/govortex/v2/http_client.go:145.171,147.16 2 1
github.com/AsthaTech/govortex/v2/http_client.go:147.16,149.3 1 1
github.com/AsthaTech/govortex/v2/http_client.go:150.2,150.34 1 1
github.com/AsthaTech/govortex/v2/http_client.go:151.31,152.69 1 1
github.com/AsthaTech/govortex/v2/http_client.go:153.28,154.66 1 1
github.com/AsthaTech/govortex/v2/http_client.go:155.27,156.66 1 1
github.com/AsthaTech/govortex/v2/http_client.go:157.34,158.64 1 1
github.com/AsthaTech/govortex/v2/http_client.go:159.37,160.66 1 1
github.com/AsthaTech/govortex/v2/http_client.go:161.33,162.62 1 1
github.com/AsthaTech/govortex/v2/http_client.go:163.38,164.68 1 1
github.com/AsthaTech/govortex/v2/http_client.go:165.29,166.56 1 1
github.com/AsthaTech/govortex/v2/http_client.go:170.2,170.55 1 1
github.com/AsthaTech/govortex/v2/http_client.go:170.55,171.14 1 1
github.com/AsthaTech/govortex/v2/http_client.go:171.14,174.4 2 1
github.com/AsthaTech/govortex/v2/http_client.go:175.3,175.67 1 1
github.com/AsthaTech/govortex/v2/http_client.go:177.2,177.13 1 1
github.com/AsthaTech/govortex/v2/http_client.go:177.13,179.3 1 1
github.com/AsthaTech/govortex/v2/http_client.go:181.2,181.18 1 1
github.com/AsthaTech/govortex/v2/http_client.go:185.46,187.2 1 1
github.com/AsthaTech/govortex/v2/iceberg.go:11.125,14.16 3 1
github.com/AsthaTech/govortex/v2/iceberg.go:14.16,16.3 1 1
github.com/AsthaTech/govortex/v2/iceberg.go:17.2,17.19 1 1
github.com/AsthaTech/govortex/v2/iceberg.go:23.152,26.16 3 1
github.com/AsthaTech/govortex/v2/iceberg.go:26.16,28.3 1 1
github.com/AsthaTech/govortex/v2/iceberg.go:29.2,29.19 1 1
github.com/AsthaTech/govortex/v2/iceberg.go:35.123,38.16 3 1
github.com/AsthaTech/govortex/v2/iceberg.go:38.16,40.3 1 1
github.com/AsthaTech/govortex/v2/iceberg.go:41.2,41.19 1 1
github.com/AsthaTech/govortex/v2/login.go:14.121,27.16 6 1
github.com/AsthaTech/govortex/v2/login.go:27.16,29.3 1 1
github.com/AsthaTech/govortex/v2/login.go:30.2,31.19 2 1
github.com/AsthaTech/govortex/v2/login.go:34.99,43.16 5 1
github.com/AsthaTech/govortex/v2/login.go:43.16,45.3 1 1
github.com/AsthaTech/govortex/v2/login.go:46.2,46.19 1 1
github.com/AsthaTech/govortex/v2/login.go:49.33,54.2 4 1
github.com/AsthaTech/govortex/v2/login.go:56.74,59.16 3 1
github.com/AsthaTech/govortex/v2/login.go:59.16,61.3 1 1
github.com/AsthaTech/govortex/v2/login.go:62.2,62.19 1 1
github.com/AsthaTech/govortex/v2/margins.go:10.108,13.16 3 1
github.com/AsthaTech/govortex/v2/margins.go:13.16,15.3 1 1
github.com/AsthaTech/govortex/v2/margins.go:16.2,16.19 1 1
github.com/AsthaTech/govortex/v2/margins.go:22.116,25.16 3 1
github.com/AsthaTech/govortex/v2/margins.go:25.16,27.3 1 1
github.com/AsthaTech/govortex/v2/margins.go:28.2,28.19 1 1
github.com/AsthaTech/govortex/v2/market_data.go:13.112,16.40 3 1
github.com/AsthaTech/govortex/v2/market_data.go:16.40,18.3 1 1
github.com/AsthaTech/govortex/v2/market_data.go:19.2,22.16 4 1
github.com/AsthaTech/govortex/v2/market_data.go:22.16,24.3 1 1
github.com/AsthaTech/govortex/v2/market_data.go:25.2,25.19 1 1
github.com/AsthaTech/govortex/v2/market_data.go:31.178,40.16 9 1
github.com/AsthaTech/govortex/v2/market_data.go:40.16,42.3 1 1
github.com/AsthaTech/govortex/v2/market_data.go:43.2,43.19 1 1
github.com/AsthaTech/govortex/v2/master.go:13.86,22.16 8 0
github.com/AsthaTech/govortex/v2/master.go:22.16,24.3 1 0
github.com/AsthaTech/govortex/v2/master.go:25.2,28.16 4 0
github.com/AsthaTech/govortex/v2/master.go:28.16,30.3 1 0
github.com/AsthaTech/govortex/v2/master.go:31.2,39.6 7 0
github.com/AsthaTech/govortex/v2/master.go:39.6,41.20 2 0
github.com/AsthaTech/govortex/v2/master.go:41.20,42.9 1 0
github.com/AsthaTech/govortex/v2/master.go:44.3,44.17 1 0
github.com/AsthaTech/govortex/v2/master.go:44.17,46.4 1 0
github.com/AsthaTech/govortex/v2/master.go:47.3,47.24 1 0
github.com/AsthaTech/govortex/v2/master.go:47.24,49.4 1 0
github.com/AsthaTech/govortex/v2/master.go:49.9,51.33 2 0
github.com/AsthaTech/govortex/v2/master.go:51.33,53.5 1 0
github.com/AsthaTech/govortex/v2/master.go:54.4,54.34 1 0
github.com/AsthaTech/govortex/v2/master.go:58.2,58.21 1 0
github.com/AsthaTech/govortex/v2/orders.go:13.104,14.26 1 1
github.com/AsthaTech/govortex/v2/orders.go:15.28,17.24 2 0
github.com/AsthaTech/govortex/v2/orders.go:18.38,20.24 2 0
github.com/AsthaTech/govortex/v2/orders.go:21.10,23.23 2 1
github.com/AsthaTech/govortex/v2/orders.go:26.2,28.16 3 1
github.com/AsthaTech/govortex/v2/orders.go:28.16,30.3 1 1
github.com/AsthaTech/govortex/v2/orders.go:31.2,31.19 1 1
github.com/AsthaTech/govortex/v2/orders.go:38.146,40.26 1 1
github.com/AsthaTech/govortex/v2/orders.go:41.28,42.27 1 0
github.com/AsthaTech/govortex/v2/orders.go:43.38,44.27 1 0
github.com/AsthaTech/govortex/v2/orders.go:45.10,46.27 1 1
github.com/AsthaTech/govortex/v2/orders.go:48.2,51.16 4 1
github.com/AsthaTech/govortex/v2/orders.go:51.16,53.3 1 1
github.com/AsthaTech/govortex/v2/orders.go:54.2,54.19 1 1
github.com/AsthaTech/govortex/v2/orders.go:60.94,64.16 4 1
github.com/AsthaTech/govortex/v2/orders.go:64.16,66.3 1 1
github.com/AsthaTech/govortex/v2/orders.go:67.2,67.19 1 1
github.com/AsthaTech/govortex/v2/orders.go:74.77,77.16 3 1
github.com/AsthaTech/govortex/v2/orders.go:77.16,79.3 1 1
github.com/AsthaTech/govortex/v2/orders.go:80.2,80.19 1 1
github.com/AsthaTech/govortex/v2/orders.go:83.102,87.16 4 1
github.com/AsthaTech/govortex/v2/orders.go:87.16,89.3 1 1
github.com/AsthaTech/govortex/v2/orders.go:90.2,90.19 1 1
github.com/AsthaTech/govortex/v2/orders.go:93.134,96.16 3 1
github.com/AsthaTech/govortex/v2/orders.go:96.16,98.3 1 1
github.com/AsthaTech/govortex/v2/orders.go:99.2,99.19 1 1
github.com/AsthaTech/govortex/v2/strategies.go:10.108,13.16 3 1
github.com/AsthaTech/govortex/v2/strategies.go:13.16,15.3 1 1
github.com/AsthaTech/govortex/v2/strategies.go:16.2,16.19 1 1
github.com/AsthaTech/govortex/v2/strategies.go:22.111,25.16 3 1
github.com/AsthaTech/govortex/v2/strategies.go:25.16,27.3 1 1
github.com/AsthaTech/govortex/v2/strategies.go:28.2,28.19 1 1
github.com/AsthaTech/govortex/v2/strategies.go:34.113,37.16 3 1
github.com/AsthaTech/govortex/v2/strategies.go:37.16,39.3 1 1
github.com/AsthaTech/govortex/v2/strategies.go:40.2,40.19 1 1
github.com/AsthaTech/govortex/v2/strategies.go:46.96,49.16 3 1
github.com/AsthaTech/govortex/v2/strategies.go:49.16,51.3 1 1
github.com/AsthaTech/govortex/v2/strategies.go:52.2,52.19 1 1
github.com/AsthaTech/govortex/v2/tags.go:11.70,14.16 3 1
github.com/AsthaTech/govortex/v2/tags.go:14.16,16.3 1 1
github.com/AsthaTech/govortex/v2/tags.go:17.2,17.19 1 1
github.com/AsthaTech/govortex/v2/tags.go:23.94,26.16 3 1
github.com/AsthaTech/govortex/v2/tags.go:26.16,28.3 1 1
github.com/AsthaTech/govortex/v2/tags.go:29.2,29.19 1 1
github.com/AsthaTech/govortex/v2/tags.go:35.106,38.16 3 1
github.com/AsthaTech/govortex/v2/tags.go:38.16,40.3 1 1
github.com/AsthaTech/govortex/v2/tags.go:41.2,41.19 1 1
github.com/AsthaTech/govortex/v2/tags.go:47.86,50.16 3 1
github.com/AsthaTech/govortex/v2/tags.go:50.16,52.3 1 1
github.com/AsthaTech/govortex/v2/tags.go:53.2,53.19 1 1
github.com/AsthaTech/govortex/v2/transactions.go:11.79,14.16 3 1
github.com/AsthaTech/govortex/v2/transactions.go:14.16,16.3 1 1
github.com/AsthaTech/govortex/v2/transactions.go:17.2,17.19 1 1
github.com/AsthaTech/govortex/v2/transactions.go:20.120,23.16 3 1
github.com/AsthaTech/govortex/v2/transactions.go:23.16,25.3 1 1
github.com/AsthaTech/govortex/v2/transactions.go:26.2,26.19 1 1
github.com/AsthaTech/govortex/v2/transactions.go:31.78,34.16 3 1
github.com/AsthaTech/govortex/v2/transactions.go:34.16,36.3 1 1
github.com/AsthaTech/govortex/v2/transactions.go:37.2,37.19 1 1
github.com/AsthaTech/govortex/v2/transactions.go:42.100,48.16 6 1
github.com/AsthaTech/govortex/v2/transactions.go:48.16,50.3 1 1
github.com/AsthaTech/govortex/v2/transactions.go:51.2,51.19 1 1
github.com/AsthaTech/govortex/v2/user.go:10.72,13.16 3 1
github.com/AsthaTech/govortex/v2/user.go:13.16,15.3 1 1
github.com/AsthaTech/govortex/v2/user.go:16.2,16.19 1 1
github.com/AsthaTech/govortex/v2/user.go:21.72,24.16 3 1
github.com/AsthaTech/govortex/v2/user.go:24.16,26.3 1 1
github.com/AsthaTech/govortex/v2/user.go:27.2,27.19 1 1
github.com/AsthaTech/govortex/v2/wire.go:166.52,243.2 2 0
github.com/AsthaTech/govortex/v2/wire.go:285.59,294.2 8 0
github.com/AsthaTech/govortex/v2/wire.go:297.38,299.2 1 0
github.com/AsthaTech/govortex/v2/wire.go:302.51,304.2 1 0
github.com/AsthaTech/govortex/v2/wire.go:307.53,309.2 1 0
github.com/AsthaTech/govortex/v2/wire.go:312.43,314.2 1 0
github.com/AsthaTech/govortex/v2/wire.go:317.62,318.29 1 0
github.com/AsthaTech/govortex/v2/wire.go:318.29,320.3 1 0
github.com/AsthaTech/govortex/v2/wire.go:322.2,323.12 2 0
github.com/AsthaTech/govortex/v2/wire.go:327.48,329.2 1 0
github.com/AsthaTech/govortex/v2/wire.go:332.36,334.2 1 0
github.com/AsthaTech/govortex/v2/wire.go:337.43,339.2 1 0
github.com/AsthaTech/govortex/v2/wire.go:342.57,344.2 1 0
github.com/AsthaTech/govortex/v2/wire.go:347.67,349.2 1 0
github.com/AsthaTech/govortex/v2/wire.go:352.70,354.2 1 0
github.com/AsthaTech/govortex/v2/wire.go:356.51,358.2 1 0
github.com/AsthaTech/govortex/v2/wire.go:361.54,363.2 1 0
github.com/AsthaTech/govortex/v2/wire.go:366.59,368.2 1 0
github.com/AsthaTech/govortex/v2/wire.go:369.48,370.38 1 0
github.com/AsthaTech/govortex/v2/wire.go:370.38,372.3 1 0
github.com/AsthaTech/govortex/v2/wire.go:374.64,375.34 1 0
github.com/AsthaTech/govortex/v2/wire.go:375.34,377.3 1 0
github.com/AsthaTech/govortex/v2/wire.go:379.67,380.36 1 0
github.com/AsthaTech/govortex/v2/wire.go:380.36,382.3 1 0
github.com/AsthaTech/govortex/v2/wire.go:384.40,385.32 1 0
github.com/AsthaTech/govortex/v2/wire.go:385.32,387.3 1 0
github.com/AsthaTech/govortex/v2/wire.go:389.33,390.34 1 0
github.com/AsthaTech/govortex/v2/wire.go:390.34,392.3 1 0
github.com/AsthaTech/govortex/v2/wire.go:394.54,395.38 1 0
github.com/AsthaTech/govortex/v2/wire.go:395.38,397.3 1 0
github.com/AsthaTech/govortex/v2/wire.go:400.73,402.6 2 0
github.com/AsthaTech/govortex/v2/wire.go:402.6,403.10 1 0
github.com/AsthaTech/govortex/v2/wire.go:404.21,405.10 1 0
github.com/AsthaTech/govortex/v2/wire.go:406.11,412.51 4 0
github.com/AsthaTech/govortex/v2/wire.go:412.51,413.22 1 0
github.com/AsthaTech/govortex/v2/wire.go:413.22,415.6 1 0
github.com/AsthaTech/govortex/v2/wire.go:416.5,417.11 2 0
github.com/AsthaTech/govortex/v2/wire.go:437.31,439.2 0 0
github.com/AsthaTech/govortex/v2/wire.go:442.24,444.2 1 0
github.com/AsthaTech/govortex/v2/wire.go:447.54,452.6 4 0
github.com/AsthaTech/govortex/v2/wire.go:452.6,453.10 1 0
github.com/AsthaTech/govortex/v2/wire.go:454.21,455.10 1 0
github.com/AsthaTech/govortex/v2/wire.go:456.11,458.50 1 0
github.com/AsthaTech/govortex/v2/wire.go:458.50,461.5 2 0
github.com/AsthaTech/govortex/v2/wire.go:464.4,464.30 1 0
github.com/AsthaTech/govortex/v2/wire.go:464.30,466.58 2 0
github.com/AsthaTech/govortex/v2/wire.go:466.58,468.6 1 0
github.com/AsthaTech/govortex/v2/wire.go:470.5,475.22 3 0
github.com/AsthaTech/govortex/v2/wire.go:475.22,477.6 1 0
github.com/AsthaTech/govortex/v2/wire.go:481.4,487.18 5 0
github.com/AsthaTech/govortex/v2/wire.go:487.18,491.24 2 0
github.com/AsthaTech/govortex/v2/wire.go:491.24,493.14 2 0
github.com/AsthaTech/govortex/v2/wire.go:498.4,498.17 1 0
github.com/AsthaTech/govortex/v2/wire.go:498.17,499.22 1 0
github.com/AsthaTech/govortex/v2/wire.go:499.22,501.6 1 0
github.com/AsthaTech/govortex/v2/wire.go:505.4,511.30 3 0
github.com/AsthaTech/govortex/v2/wire.go:511.30,513.5 1 0
github.com/AsthaTech/govortex/v2/wire.go:516.4,525.23 5 0
github.com/AsthaTech/govortex/v2/wire.go:525.23,528.5 2 0
github.com/AsthaTech/govortex/v2/wire.go:531.4,531.13 1 0
github.com/AsthaTech/govortex/v2/wire.go:537.69,539.6 2 0
github.com/AsthaTech/govortex/v2/wire.go:539.6,540.10 1 0
github.com/AsthaTech/govortex/v2/wire.go:541.21,542.10 1 0
github.com/AsthaTech/govortex/v2/wire.go:543.11,547.18 2 0
github.com/AsthaTech/govortex/v2/wire.go:547.18,550.5 2 0
github.com/AsthaTech/govortex/v2/wire.go:552.4,553.18 2 0
github.com/AsthaTech/govortex/v2/wire.go:553.18,556.5 2 0
github.com/AsthaTech/govortex/v2/wire.go:559.4,562.40 2 0
github.com/AsthaTech/govortex/v2/wire.go:562.40,564.19 2 0
github.com/AsthaTech/govortex/v2/wire.go:564.19,566.6 1 0
github.com/AsthaTech/govortex/v2/wire.go:569.5,569.32 1 0
github.com/AsthaTech/govortex/v2/wire.go:569.32,571.6 1 0
github.com/AsthaTech/govortex/v2/wire.go:572.10,572.45 1 0
github.com/AsthaTech/govortex/v2/wire.go:572.45,574.5 1 0
github.com/AsthaTech/govortex/v2/wire.go:578.66,582.27 3 0
github.com/AsthaTech/govortex/v2/wire.go:582.27,584.17 2 0
github.com/AsthaTech/govortex/v2/wire.go:584.17,586.4 1 0
github.com/AsthaTech/govortex/v2/wire.go:588.3,588.30 1 0
github.com/AsthaTech/govortex/v2/wire.go:591.2,591.19 1 0
github.com/AsthaTech/govortex/v2/wire.go:594.50,596.18 2 0
github.com/AsthaTech/govortex/v2/wire.go:596.18,598.3 1 0
github.com/AsthaTech/govortex/v2/wire.go:600.2,603.35 3 0
github.com/AsthaTech/govortex/v2/wire.go:603.35,607.3 3 0
github.com/AsthaTech/govortex/v2/wire.go:609.2,609.13 1 0
github.com/AsthaTech/govortex/v2/wire.go:612.54,617.31 2 0
github.com/AsthaTech/govortex/v2/wire.go:617.31,624.3 3 0
github.com/AsthaTech/govortex/v2/wire.go:625.2,628.16 3 0
github.com/AsthaTech/govortex/v2/wire.go:628.16,630.3 1 0
github.com/AsthaTech/govortex/v2/wire.go:632.2,632.39 1 0
github.com/AsthaTech/govortex/v2/wire.go:635.56,636.38 1 0
github.com/AsthaTech/govortex/v2/wire.go:636.38,638.3 1 0
github.com/AsthaTech/govortex/v2/wire.go:641.47,643.50 2 0
github.com/AsthaTech/govortex/v2/wire.go:643.50,646.3 1 0
github.com/AsthaTech/govortex/v2/wire.go:647.2,647.27 1 0
github.com/AsthaTech/govortex/v2/wire.go:649.30,651.2 1 0
github.com/AsthaTech/govortex/v2/wire.go:654.23,655.21 1 0
github.com/AsthaTech/govortex/v2/wire.go:655.21,657.3 1 0
github.com/AsthaTech/govortex/v2/wire.go:661.78,672.2 5 0
github.com/AsthaTech/govortex/v2/wire.go:675.80,685.2 5 0
